20
/home/mselimyavuz/workspace/main/Music/Jazz/Alex_Skolnick_Trio/Prove_You_are_Not_a_Robot/Alex_Skolnick_Trio_-_Prove_You_re_Not_a_Robot_-_01_Prove_You_re_Not_a_Robot.flac
/home/mselimyavuz/workspace/main/Music/Jazz/Alex_Skolnick_Trio/Prove_You_are_Not_a_Robot/Alex_Skolnick_Trio_-_Prove_You_re_Not_a_Robot_-_02_Breakdown.flac
/home/mselimyavuz/workspace/main/Music/Jazz/Alex_Skolnick_Trio/Prove_You_are_Not_a_Robot/Alex_Skolnick_Trio_-_Prove_You_re_Not_a_Robot_-_03_Infinite_Hotel.flac
/home/mselimyavuz/workspace/main/Music/Jazz/Alex_Skolnick_Trio/Prove_You_are_Not_a_Robot/Alex_Skolnick_Trio_-_Prove_You_re_Not_a_Robot_-_04_Armando_s_Mood.flac
/home/mselimyavuz/workspace/main/Music/Jazz/Alex_Skolnick_Trio/Prove_You_are_Not_a_Robot/Alex_Skolnick_Trio_-_Prove_You_re_Not_a_Robot_-_05_The_Polish_Goodbye.flac
/home/mselimyavuz/workspace/main/Music/Jazz/Alex_Skolnick_Trio/Prove_You_are_Not_a_Robot/Alex_Skolnick_Trio_-_Prove_You_re_Not_a_Robot_-_06_Asking_For_a_Friend.flac
/home/mselimyavuz/workspace/main/Music/Jazz/Alex_Skolnick_Trio/Prove_You_are_Not_a_Robot/Alex_Skolnick_Trio_-_Prove_You_re_Not_a_Robot_-_07_Parallel_Universe.flac
/home/mselimyavuz/workspace/main/Music/Jazz/Alex_Skolnick_Trio/Prove_You_are_Not_a_Robot/Alex_Skolnick_Trio_-_Prove_You_re_Not_a_Robot_-_08_Guiding_Ethos.flac
/home/mselimyavuz/workspace/main/Music/Metal/Blind_Guardian/Nightfall_In_Middle_Earth/Blind_Guardian-Nightfall_In_Middle_Earth-01_War_Of_Wrath.flac
/home/mselimyavuz/workspace/main/Music/Metal/Blind_Guardian/Nightfall_In_Middle_Earth/Blind_Guardian-Nightfall_In_Middle_Earth-02_Into_The_Storm.flac
/home/mselimyavuz/workspace/main/Music/Metal/Blind_Guardian/Nightfall_In_Middle_Earth/Blind_Guardian-Nightfall_In_Middle_Earth-03_Lammoth.flac
/home/mselimyavuz/workspace/main/Music/Metal/Blind_Guardian/Nightfall_In_Middle_Earth/Blind_Guardian-Nightfall_In_Middle_Earth-04_Nightfall.flac
/home/mselimyavuz/workspace/main/Music/Metal/Blind_Guardian/Nightfall_In_Middle_Earth/Blind_Guardian-Nightfall_In_Middle_Earth-05_The_Minstrel.flac
/home/mselimyavuz/workspace/main/Music/Metal/Blind_Guardian/Nightfall_In_Middle_Earth/Blind_Guardian-Nightfall_In_Middle_Earth-06_The_Curse_Of_Feanor.flac
/home/mselimyavuz/workspace/main/Music/Metal/Blind_Guardian/Nightfall_In_Middle_Earth/Blind_Guardian-Nightfall_In_Middle_Earth-07_Captured.flac
/home/mselimyavuz/workspace/main/Music/Metal/Blind_Guardian/Nightfall_In_Middle_Earth/Blind_Guardian-Nightfall_In_Middle_Earth-08_Blood_Tears.flac
/home/mselimyavuz/workspace/main/Music/Metal/Blind_Guardian/Nightfall_In_Middle_Earth/Blind_Guardian-Nightfall_In_Middle_Earth-09_Mirror_Mirror.flac
/home/mselimyavuz/workspace/main/Music/Metal/Blind_Guardian/Nightfall_In_Middle_Earth/Blind_Guardian-Nightfall_In_Middle_Earth-10_Face_The_Truth.flac
/home/mselimyavuz/workspace/main/Music/Metal/Blind_Guardian/Nightfall_In_Middle_Earth/Blind_Guardian-Nightfall_In_Middle_Earth-11_Noldor-Dead_Winter_Reigns.flac
/home/mselimyavuz/workspace/main/Music/Metal/Blind_Guardian/Nightfall_In_Middle_Earth/Blind_Guardian-Nightfall_In_Middle_Earth-12_Battle_Of_Sudden_Flames.flac
/home/mselimyavuz/workspace/main/Music/Metal/Blind_Guardian/Nightfall_In_Middle_Earth/Blind_Guardian-Nightfall_In_Middle_Earth-13_Time_Stands_Still-At_The_Iron_H.flac
/home/mselimyavuz/workspace/main/Music/Metal/Blind_Guardian/Nightfall_In_Middle_Earth/Blind_Guardian-Nightfall_In_Middle_Earth-14_The_Dark_Elf.flac
/home/mselimyavuz/workspace/main/Music/Metal/Blind_Guardian/Nightfall_In_Middle_Earth/Blind_Guardian-Nightfall_In_Middle_Earth-15_Thorn.flac
/home/mselimyavuz/workspace/main/Music/Metal/Blind_Guardian/Nightfall_In_Middle_Earth/Blind_Guardian-Nightfall_In_Middle_Earth-16_The_Eldar.flac
/home/mselimyavuz/workspace/main/Music/Metal/Blind_Guardian/Nightfall_In_Middle_Earth/Blind_Guardian-Nightfall_In_Middle_Earth-17_Nom_The_Wise.flac
/home/mselimyavuz/workspace/main/Music/Metal/Blind_Guardian/Nightfall_In_Middle_Earth/Blind_Guardian-Nightfall_In_Middle_Earth-18_When_Sorrow_Sang.flac
/home/mselimyavuz/workspace/main/Music/Metal/Blind_Guardian/Nightfall_In_Middle_Earth/Blind_Guardian-Nightfall_In_Middle_Earth-19_Out_On_The_Water.flac
/home/mselimyavuz/workspace/main/Music/Metal/Blind_Guardian/Nightfall_In_Middle_Earth/Blind_Guardian-Nightfall_In_Middle_Earth-20_The_Steadfast.flac
/home/mselimyavuz/workspace/main/Music/Metal/Blind_Guardian/Nightfall_In_Middle_Earth/Blind_Guardian-Nightfall_In_Middle_Earth-21_A_Dark_Passage.flac
/home/mselimyavuz/workspace/main/Music/Metal/Blind_Guardian/Nightfall_In_Middle_Earth/Blind_Guardian-Nightfall_In_Middle_Earth-22_Final_Chapter_Thus_Ends.flac
/home/mselimyavuz/workspace/main/Music/Metal/Blind_Guardian/Nightfall_In_Middle_Earth/Blind_Guardian-Nightfall_In_Middle_Earth-23_Harvest_Of_Sorrow.flac
